0 info it worked if it ends with ok
1 verbose cli [ 'node',
1 verbose cli   '/Users/m467695/.nvm/versions/io.js/v1.5.1/bin/npm',
1 verbose cli   'version',
1 verbose cli   '1.1.0' ]
2 info using npm@2.7.1
3 info using node@v1.5.1
4 verbose node symlink /Users/m467695/.nvm/versions/io.js/v1.5.1/bin/node
5 info git [ 'status', '--porcelain' ]
6 verbose stack Error: Git working directory not clean.
6 verbose stack M package.json
6 verbose stack     at /Users/m467695/.nvm/versions/io.js/v1.5.1/lib/node_modules/npm/lib/version.js:138:37
6 verbose stack     at /Users/m467695/.nvm/versions/io.js/v1.5.1/lib/node_modules/npm/lib/utils/git.js:26:8
6 verbose stack     at ChildProcess.exithandler (child_process.js:707:7)
6 verbose stack     at emitTwo (events.js:87:13)
6 verbose stack     at ChildProcess.emit (events.js:169:7)
6 verbose stack     at maybeClose (child_process.js:984:16)
6 verbose stack     at Socket.<anonymous> (child_process.js:1153:11)
6 verbose stack     at emitOne (events.js:77:13)
6 verbose stack     at Socket.emit (events.js:166:7)
6 verbose stack     at Pipe.close (net.js:464:12)
7 verbose cwd /Users/m467695/code/nodeschool
8 error Darwin 14.1.0
9 error argv "node" "/Users/m467695/.nvm/versions/io.js/v1.5.1/bin/npm" "version" "1.1.0"
10 error node v1.5.1
11 error npm  v2.7.1
12 error Git working directory not clean.
12 error M package.json
13 error If you need help, you may report this error at:
13 error     <https://github.com/npm/npm/issues>
14 verbose exit [ 1, true ]
